#
# A fatal error has been detected by the Java Runtime Environment:
#
#  EXCEPTION_ACCESS_VIOLATION (0xc0000005) at pc=0x0000000029491066, pid=4404, tid=8432
#
# JRE version: Java(TM) SE Runtime Environment (8.0_25-b18) (build 1.8.0_25-b18)
# Java VM: Java HotSpot(TM) 64-Bit Server VM (25.25-b02 mixed mode windows-amd64 compressed oops)
# Problematic frame:
# C  [OpenAL64.dll+0x11066]
#
# Failed to write core dump. Minidumps are not enabled by default on client versions of Windows
#
# If you would like to submit a bug report, please visit:
#   http://bugreport.sun.com/bugreport/crash.jsp
# The crash happened outside the Java Virtual Machine in native code.
# See problematic frame for where to report the bug.
#

---------------  T H R E A D  ---------------

Current thread (0x0000000031db2000):  JavaThread "Thread-11" [_thread_in_native, id=8432, stack(0x00000000383d0000,0x00000000384d0000)]

siginfo: ExceptionCode=0xc0000005, reading address 0x000000002e09c004

Registers:
RAX=0x0000000000000004, RBX=0x000000003a1d0090, RCX=0x000000002e09c008, RDX=0x000000002e09c004
RSP=0x00000000384ce970, RBP=0x00000000000000ff, RSI=0x000000002e09a5ac, RDI=0x0000000000000000
R8 =0x0000000000000696, R9 =0x000000002e09a5ac, R10=0x0000000002945508, R11=0x0000000050db2810
R12=0x0000000000000001, R13=0x0000000039ea27e0, R14=0x00000000384ceb08, R15=0x0000000031db2000
RIP=0x0000000029491066, EFLAGS=0x0000000000010202

Top of Stack: (sp=0x00000000384ce970)
0x00000000384ce970:   0000000000000000 0000000050c5ed1b
0x00000000384ce980:   0000000031db2000 0000000031db2000
0x00000000384ce990:   0000000039ea27e0 0000000000000000
0x00000000384ce9a0:   0000000031db2000 000000001f58b670
0x00000000384ce9b0:   0000000039ea27e0 00000000384ceb08
0x00000000384ce9c0:   0000000025773850 0000000050c4ced6
0x00000000384ce9d0:   00000000384cf178 000000001ebf15f0
0x00000000384ce9e0:   0000000031db2000 00000000384ceb08
0x00000000384ce9f0:   0000000039ea27e0 0000000000000000
0x00000000384cea00:   000000002e09a5ac 00000006c1978c88
0x00000000384cea10:   00000000384cead0 000000002949248f
0x00000000384cea20:   000000003a1d0090 000000003a1d0090
0x00000000384cea30:   000000000000ac44 0000000600000004
0x00000000384cea40:   0000000000000010 0000000002945534
0x00000000384cea50:   0000000039ea27e0 000000000294529d
0x00000000384cea60:   0000000031db2000 0000000039ea27e0 

Instructions: (pc=0x0000000029491066)
0x0000000029491046:   41 2b ec 81 3a 03 00 02 00 75 09 8b 01 89 84 24
0x0000000029491056:   c8 00 00 00 49 83 c0 02 48 83 c1 08 4a 8d 14 86
0x0000000029491066:   39 3a 75 af 4c 8d 84 24 c0 00 00 00 48 8d 15 d7
0x0000000029491076:   2b 03 00 33 c9 e8 58 5f 00 00 b8 40 1f 00 00 4c 


Register to memory mapping:

RAX=0x0000000000000004 is an unknown value
RBX=0x000000003a1d0090 is an unknown value
RCX=0x000000002e09c008 is an unknown value
RDX=0x000000002e09c004 is an unknown value
RSP=0x00000000384ce970 is pointing into the stack for thread: 0x0000000031db2000
RBP=0x00000000000000ff is an unknown value
RSI=0x000000002e09a5ac is an unknown value
RDI=0x0000000000000000 is an unknown value
R8 =0x0000000000000696 is an unknown value
R9 =0x000000002e09a5ac is an unknown value
R10=0x0000000002945508 is at code_begin+840 in an Interpreter codelet
method entry point (kind = native)  [0x00000000029451c0, 0x0000000002945b20]  2400 bytes
R11=0x0000000050db2810 is an unknown value
R12=0x0000000000000001 is an unknown value
R13={method} {0x0000000039ea27e8} 'nalcCreateContext' '(JJ)J' in 'org/lwjgl/openal/ALC10'
R14=0x00000000384ceb08 is pointing into the stack for thread: 0x0000000031db2000
R15=0x0000000031db2000 is a thread


Stack: [0x00000000383d0000,0x00000000384d0000],  sp=0x00000000384ce970,  free space=1018k
Native frames: (J=compiled Java code, j=interpreted, Vv=VM code, C=native code)
C  [OpenAL64.dll+0x11066]
C  [OpenAL64.dll+0x1248f]
C  0x0000000002945534

Java frames: (J=compiled Java code, j=interpreted, Vv=VM code)
j  org.lwjgl.openal.ALC10.nalcCreateContext(JJ)J+0
j  org.lwjgl.openal.ALC10.alcCreateContext(Lorg/lwjgl/openal/ALCdevice;Ljava/nio/IntBuffer;)Lorg/lwjgl/openal/ALCcontext;+8
j  org.lwjgl.openal.AL.init(Ljava/lang/String;IIZZ)V+69
j  org.lwjgl.openal.AL.create(Ljava/lang/String;IIZZ)V+246
j  org.lwjgl.openal.AL.create(Ljava/lang/String;IIZ)V+5
j  org.lwjgl.openal.AL.create()V+6
j  paulscode.sound.libraries.LibraryLWJGLOpenAL.init()V+2
j  paulscode.sound.SoundSystem.CommandNewLibrary(Ljava/lang/Class;)V+273
j  paulscode.sound.SoundSystem.CommandQueue(Lpaulscode/sound/CommandObject;)Z+1206
j  paulscode.sound.CommandThread.run()V+51
v  ~StubRoutines::call_stub

---------------  P R O C E S S  ---------------

Java Threads: ( => current thread )
  0x0000000031da9000 JavaThread "Thread-12" [_thread_blocked, id=8008, stack(0x0000000039970000,0x0000000039a70000)]
=>0x0000000031db2000 JavaThread "Thread-11" [_thread_in_native, id=8432, stack(0x00000000383d0000,0x00000000384d0000)]
  0x0000000031daa000 JavaThread "Sound Library Loader" [_thread_blocked, id=6172, stack(0x000000002ebf0000,0x000000002ecf0000)]
  0x0000000031db0000 JavaThread "Timer-0" [_thread_blocked, id=3724, stack(0x000000002c740000,0x000000002c840000)]
  0x000000001c2a4000 JavaThread "C&B Model Cache Cleanup" [_thread_blocked, id=7112, stack(0x000000002d040000,0x000000002d140000)]
  0x000000001e3c7000 JavaThread "LWJGL Timer" daemon [_thread_blocked, id=4036, stack(0x0000000028f80000,0x0000000029080000)]
  0x000000001fa1f000 JavaThread "Thread-6" [_thread_blocked, id=1484, stack(0x0000000029d30000,0x0000000029e30000)]
  0x0000000025098800 JavaThread "Java2D Disposer" daemon [_thread_blocked, id=7940, stack(0x0000000023cd0000,0x0000000023dd0000)]
  0x0000000023b1c800 JavaThread "Timer hack thread" daemon [_thread_blocked, id=8136, stack(0x0000000022b80000,0x0000000022c80000)]
  0x00000000213ce000 JavaThread "Snooper Timer" daemon [_thread_blocked, id=5864, stack(0x00000000217d0000,0x00000000218d0000)]
  0x000000001e187000 JavaThread "Service Thread" daemon [_thread_blocked, id=7064, stack(0x000000001e520000,0x000000001e620000)]
  0x000000001c2a6800 JavaThread "C1 CompilerThread2" daemon [_thread_blocked, id=8752, stack(0x000000001e020000,0x000000001e120000)]
  0x000000001c29d800 JavaThread "C2 CompilerThread1" daemon [_thread_blocked, id=7292, stack(0x000000001df20000,0x000000001e020000)]
  0x000000001c299800 JavaThread "C2 CompilerThread0" daemon [_thread_blocked, id=1228, stack(0x000000001de20000,0x000000001df20000)]
  0x000000001c293800 JavaThread "Attach Listener" daemon [_thread_blocked, id=6212, stack(0x000000001dd20000,0x000000001de20000)]
  0x000000001c292800 JavaThread "Signal Dispatcher" daemon [_thread_blocked, id=6440, stack(0x000000001dc20000,0x000000001dd20000)]
  0x000000000292b000 JavaThread "Finalizer" daemon [_thread_blocked, id=1232, stack(0x000000001db20000,0x000000001dc20000)]
  0x0000000002924000 JavaThread "Reference Handler" daemon [_thread_blocked, id=5484, stack(0x000000001da20000,0x000000001db20000)]
  0x0000000002835000 JavaThread "Client thread" [_thread_in_Java, id=72, stack(0x0000000002450000,0x0000000002550000)]

Other Threads:
  0x000000001c257000 VMThread [stack: 0x000000001d920000,0x000000001da20000] [id=8268]
  0x000000001e188000 WatcherThread [stack: 0x000000001e620000,0x000000001e720000] [id=1608]

VM state:not at safepoint (normal execution)

VM Mutex/Monitor currently owned by a thread: None

Heap:
 PSYoungGen      total 1215488K, used 95260K [0x000000076ab00000, 0x00000007bf400000, 0x00000007c0000000)
  eden space 1064960K, 5% used [0x000000076ab00000,0x000000076e287e60,0x00000007abb00000)
  from space 150528K, 25% used [0x00000007b6100000,0x00000007b867f528,0x00000007bf400000)
  to   space 160256K, 0% used [0x00000007abb00000,0x00000007abb00000,0x00000007b5780000)
 ParOldGen       total 752640K, used 498004K [0x00000006c0000000, 0x00000006edf00000, 0x000000076ab00000)
  object space 752640K, 66% used [0x00000006c0000000,0x00000006de655188,0x00000006edf00000)
 Metaspace       used 91606K, capacity 92439K, committed 93440K, reserved 1128448K
  class space    used 14736K, capacity 15040K, committed 15104K, reserved 1048576K

Card table byte_map: [0x0000000011cf0000,0x0000000012500000] byte_map_base: 0x000000000e6f0000

Marking Bits: (ParMarkBitMap*) 0x000000005137d490
 Begin Bits: [0x0000000013060000, 0x0000000017060000)
 End Bits:   [0x0000000017060000, 0x000000001b060000)

Polling page: 0x0000000002390000

CodeCache: size=245760Kb used=24691Kb max_used=25731Kb free=221068Kb
 bounds [0x0000000002930000, 0x0000000004280000, 0x0000000011930000]
 total_blobs=7895 nmethods=6982 adapters=826
 compilation: enabled

Compilation events (10 events):
Event: 61.958 Thread 0x000000001c2a6800 9552       3       net.minecraftforge.client.model.ModelLoader$3::compare (13 bytes)
Event: 61.959 Thread 0x000000001c2a6800 nmethod 9552 0x0000000002e3ea90 code [0x0000000002e3ec60, 0x0000000002e3f3a8]
Event: 61.960 Thread 0x000000001c2a6800 9553       3       net.minecraftforge.client.model.ModelLoader$3::compare (18 bytes)
Event: 61.960 Thread 0x000000001c2a6800 nmethod 9553 0x0000000002b84950 code [0x0000000002b84b00, 0x0000000002b85008]
Event: 61.961 Thread 0x000000001c299800 9554       4       net.minecraftforge.client.model.ModelLoader$3::compare (13 bytes)
Event: 61.962 Thread 0x000000001c2a6800 9555       3       java.util.TimSort::gallopRight (335 bytes)
Event: 61.962 Thread 0x000000001c2a6800 nmethod 9555 0x0000000002f9bed0 code [0x0000000002f9c0c0, 0x0000000002f9cbb8]
Event: 61.963 Thread 0x000000001c2a6800 9556       3       java.util.TimSort::gallopLeft (335 bytes)
Event: 61.964 Thread 0x000000001c2a6800 nmethod 9556 0x0000000002a3e090 code [0x0000000002a3e280, 0x0000000002a3ed58]
Event: 61.969 Thread 0x000000001c299800 nmethod 9554 0x0000000002a793d0 code [0x0000000002a795a0, 0x0000000002a79c30]

GC Heap History (10 events):
Event: 50.491 GC heap before
{Heap before GC invocations=22 (full 3):
 PSYoungGen      total 1235968K, used 1235958K [0x000000076ab00000, 0x00000007c0000000, 0x00000007c0000000)
  eden space 1131520K, 100% used [0x000000076ab00000,0x00000007afc00000,0x00000007afc00000)
  from space 104448K, 99% used [0x00000007b9a00000,0x00000007bfffd800,0x00000007c0000000)
  to   space 133120K, 0% used [0x00000007afc00000,0x00000007afc00000,0x00000007b7e00000)
 ParOldGen       total 492032K, used 338736K [0x00000006c0000000, 0x00000006de080000, 0x000000076ab00000)
  object space 492032K, 68% used [0x00000006c0000000,0x00000006d4acc0c8,0x00000006de080000)
 Metaspace       used 75370K, capacity 76037K, committed 76672K, reserved 1114112K
  class space    used 11418K, capacity 11621K, committed 11648K, reserved 1048576K
Event: 50.649 GC heap after
Heap after GC invocations=22 (full 3):
 PSYoungGen      total 1247744K, used 116082K [0x000000076ab00000, 0x00000007c0000000, 0x00000007c0000000)
  eden space 1131520K, 0% used [0x000000076ab00000,0x000000076ab00000,0x00000007afc00000)
  from space 116224K, 99% used [0x00000007afc00000,0x00000007b6d5ca98,0x00000007b6d80000)
  to   space 146432K, 0% used [0x00000007b7100000,0x00000007b7100000,0x00000007c0000000)
 ParOldGen       total 492032K, used 377312K [0x00000006c0000000, 0x00000006de080000, 0x000000076ab00000)
  object space 492032K, 76% used [0x00000006c0000000,0x00000006d7078290,0x00000006de080000)
 Metaspace       used 75370K, capacity 76037K, committed 76672K, reserved 1114112K
  class space    used 11418K, capacity 11621K, committed 11648K, reserved 1048576K
}
Event: 53.568 GC heap before
{Heap before GC invocations=23 (full 3):
 PSYoungGen      total 1247744K, used 1247602K [0x000000076ab00000, 0x00000007c0000000, 0x00000007c0000000)
  eden space 1131520K, 100% used [0x000000076ab00000,0x00000007afc00000,0x00000007afc00000)
  from space 116224K, 99% used [0x00000007afc00000,0x00000007b6d5ca98,0x00000007b6d80000)
  to   space 146432K, 0% used [0x00000007b7100000,0x00000007b7100000,0x00000007c0000000)
 ParOldGen       total 492032K, used 377312K [0x00000006c0000000, 0x00000006de080000, 0x000000076ab00000)
  object space 492032K, 76% used [0x00000006c0000000,0x00000006d7078290,0x00000006de080000)
 Metaspace       used 81600K, capacity 82311K, committed 83328K, reserved 1120256K
  class space    used 12818K, capacity 13068K, committed 13184K, reserved 1048576K
Event: 53.730 GC heap after
Heap after GC invocations=23 (full 3):
 PSYoungGen      total 1204224K, used 146429K [0x000000076ab00000, 0x00000007c0000000, 0x00000007c0000000)
  eden space 1057792K, 0% used [0x000000076ab00000,0x000000076ab00000,0x00000007ab400000)
  from space 146432K, 99% used [0x00000007b7100000,0x00000007bffff4c8,0x00000007c0000000)
  to   space 169984K, 0% used [0x00000007ab400000,0x00000007ab400000,0x00000007b5a00000)
 ParOldGen       total 492032K, used 381802K [0x00000006c0000000, 0x00000006de080000, 0x000000076ab00000)
  object space 492032K, 77% used [0x00000006c0000000,0x00000006d74daa60,0x00000006de080000)
 Metaspace       used 81600K, capacity 82311K, committed 83328K, reserved 1120256K
  class space    used 12818K, capacity 13068K, committed 13184K, reserved 1048576K
}
Event: 56.594 GC heap before
{Heap before GC invocations=24 (full 3):
 PSYoungGen      total 1204224K, used 1204221K [0x000000076ab00000, 0x00000007c0000000, 0x00000007c0000000)
  eden space 1057792K, 100% used [0x000000076ab00000,0x00000007ab400000,0x00000007ab400000)
  from space 146432K, 99% used [0x00000007b7100000,0x00000007bffff4c8,0x00000007c0000000)
  to   space 169984K, 0% used [0x00000007ab400000,0x00000007ab400000,0x00000007b5a00000)
 ParOldGen       total 492032K, used 381802K [0x00000006c0000000, 0x00000006de080000, 0x000000076ab00000)
  object space 492032K, 77% used [0x00000006c0000000,0x00000006d74daa60,0x00000006de080000)
 Metaspace       used 86928K, capacity 87673K, committed 88704K, reserved 1124352K
  class space    used 13882K, capacity 14123K, committed 14208K, reserved 1048576K
Event: 56.786 GC heap after
Heap after GC invocations=24 (full 3):
 PSYoungGen      total 1227776K, used 80857K [0x000000076ab00000, 0x00000007c0000000, 0x00000007c0000000)
  eden space 1057792K, 0% used [0x000000076ab00000,0x000000076ab00000,0x00000007ab400000)
  from space 169984K, 47% used [0x00000007ab400000,0x00000007b02f6778,0x00000007b5a00000)
  to   space 162816K, 0% used [0x00000007b6100000,0x00000007b6100000,0x00000007c0000000)
 ParOldGen       total 492032K, used 478677K [0x00000006c0000000, 0x00000006de080000, 0x000000076ab00000)
  object space 492032K, 97% used [0x00000006c0000000,0x00000006dd3756a0,0x00000006de080000)
 Metaspace       used 86928K, capacity 87673K, committed 88704K, reserved 1124352K
  class space    used 13882K, capacity 14123K, committed 14208K, reserved 1048576K
}
Event: 56.786 GC heap before
{Heap before GC invocations=25 (full 4):
 PSYoungGen      total 1227776K, used 80857K [0x000000076ab00000, 0x00000007c0000000, 0x00000007c0000000)
  eden space 1057792K, 0% used [0x000000076ab00000,0x000000076ab00000,0x00000007ab400000)
  from space 169984K, 47% used [0x00000007ab400000,0x00000007b02f6778,0x00000007b5a00000)
  to   space 162816K, 0% used [0x00000007b6100000,0x00000007b6100000,0x00000007c0000000)
 ParOldGen       total 492032K, used 478677K [0x00000006c0000000, 0x00000006de080000, 0x000000076ab00000)
  object space 492032K, 97% used [0x00000006c0000000,0x00000006dd3756a0,0x00000006de080000)
 Metaspace       used 86928K, capacity 87673K, committed 88704K, reserved 1124352K
  class space    used 13882K, capacity 14123K, committed 14208K, reserved 1048576K
Event: 58.572 GC heap after
Heap after GC invocations=25 (full 4):
 PSYoungGen      total 1227776K, used 27468K [0x000000076ab00000, 0x00000007c0000000, 0x00000007c0000000)
  eden space 1057792K, 0% used [0x000000076ab00000,0x000000076ab00000,0x00000007ab400000)
  from space 169984K, 16% used [0x00000007ab400000,0x00000007aced32d8,0x00000007b5a00000)
  to   space 162816K, 0% used [0x00000007b6100000,0x00000007b6100000,0x00000007c0000000)
 ParOldGen       total 752640K, used 491845K [0x00000006c0000000, 0x00000006edf00000, 0x000000076ab00000)
  object space 752640K, 65% used [0x00000006c0000000,0x00000006de0517b0,0x00000006edf00000)
 Metaspace       used 86928K, capacity 87673K, committed 88704K, reserved 1124352K
  class space    used 13882K, capacity 14123K, committed 14208K, reserved 1048576K
}
Event: 61.807 GC heap before
{Heap before GC invocations=26 (full 4):
 PSYoungGen      total 1227776K, used 1085260K [0x000000076ab00000, 0x00000007c0000000, 0x00000007c0000000)
  eden space 1057792K, 100% used [0x000000076ab00000,0x00000007ab400000,0x00000007ab400000)
  from space 169984K, 16% used [0x00000007ab400000,0x00000007aced32d8,0x00000007b5a00000)
  to   space 162816K, 0% used [0x00000007b6100000,0x00000007b6100000,0x00000007c0000000)
 ParOldGen       total 752640K, used 491845K [0x00000006c0000000, 0x00000006edf00000, 0x000000076ab00000)
  object space 752640K, 65% used [0x00000006c0000000,0x00000006de0517b0,0x00000006edf00000)
 Metaspace       used 91336K, capacity 92311K, committed 93184K, reserved 1128448K
  class space    used 14711K, capacity 15040K, committed 15104K, reserved 1048576K
Event: 61.922 GC heap after
Heap after GC invocations=26 (full 4):
 PSYoungGen      total 1215488K, used 38397K [0x000000076ab00000, 0x00000007bf400000, 0x00000007c0000000)
  eden space 1064960K, 0% used [0x000000076ab00000,0x000000076ab00000,0x00000007abb00000)
  from space 150528K, 25% used [0x00000007b6100000,0x00000007b867f528,0x00000007bf400000)
  to   space 160256K, 0% used [0x00000007abb00000,0x00000007abb00000,0x00000007b5780000)
 ParOldGen       total 752640K, used 498004K [0x00000006c0000000, 0x00000006edf00000, 0x000000076ab00000)
  object space 752640K, 66% used [0x00000006c0000000,0x00000006de655188,0x00000006edf00000)
 Metaspace       used 91336K, capacity 92311K, committed 93184K, reserved 1128448K
  class space    used 14711K, capacity 15040K, committed 15104K, reserved 1048576K
}

Deoptimization events (10 events):
Event: 60.399 Thread 0x0000000002835000 Uncommon trap: reason=bimorphic action=maybe_recompile pc=0x00000000040eade8 method=net.minecraftforge.fml.common.eventhandler.Event.<init>()V @ 22
Event: 60.457 Thread 0x0000000002835000 Uncommon trap: reason=bimorphic action=maybe_recompile pc=0x00000000040eade8 method=net.minecraftforge.fml.common.eventhandler.Event.<init>()V @ 22
Event: 61.683 Thread 0x0000000002835000 Uncommon trap: reason=unreached action=reinterpret pc=0x00000000042484f4 method=net.minecraft.client.resources.FileResourcePack.func_110593_b(Ljava/lang/String;)Z @ 8
Event: 61.684 Thread 0x0000000002835000 Uncommon trap: reason=unreached action=reinterpret pc=0x0000000004238b5c method=net.minecraft.client.resources.FileResourcePack.func_110593_b(Ljava/lang/String;)Z @ 8
Event: 61.715 Thread 0x0000000002835000 Uncommon trap: reason=class_check action=maybe_recompile pc=0x0000000003e0702c method=java.io.FilterInputStream.read()I @ 4
Event: 61.716 Thread 0x0000000002835000 Uncommon trap: reason=class_check action=maybe_recompile pc=0x0000000003e0702c method=java.io.FilterInputStream.read()I @ 4
Event: 61.716 Thread 0x0000000002835000 Uncommon trap: reason=class_check action=maybe_recompile pc=0x0000000003e0702c method=java.io.FilterInputStream.read()I @ 4
Event: 61.716 Thread 0x0000000002835000 Uncommon trap: reason=class_check action=maybe_recompile pc=0x0000000003e0702c method=java.io.FilterInputStream.read()I @ 4
Event: 61.942 Thread 0x0000000002835000 Uncommon trap: reason=class_check action=maybe_recompile pc=0x0000000003552090 method=com.google.common.collect.Lists.newArrayList(Ljava/lang/Iterable;)Ljava/util/ArrayList; @ 27
Event: 61.963 Thread 0x0000000002835000 Uncommon trap: reason=bimorphic action=maybe_recompile pc=0x0000000003d59104 method=java.util.Collections$SetFromMap.contains(Ljava/lang/Object;)Z @ 5

Internal exceptions (10 events):
Event: 61.979 Thread 0x0000000031db2000 Exception <a 'java/security/PrivilegedActionException'> (0x000000076cc1e420) thrown at [D:\re\workspace\8-2-build-windows-amd64-cygwin\jdk8u25\1677\hotspot\src\share\vm\prims\jvm.cpp, line 1312]
Event: 61.979 Thread 0x0000000031db2000 Exception <a 'java/security/PrivilegedActionException'> (0x000000076cc23ba8) thrown at [D:\re\workspace\8-2-build-windows-amd64-cygwin\jdk8u25\1677\hotspot\src\share\vm\prims\jvm.cpp, line 1312]
Event: 61.979 Thread 0x0000000031db2000 Exception <a 'java/security/PrivilegedActionException'> (0x000000076cc24ec8) thrown at [D:\re\workspace\8-2-build-windows-amd64-cygwin\jdk8u25\1677\hotspot\src\share\vm\prims\jvm.cpp, line 1312]
Event: 61.979 Thread 0x0000000031db2000 Exception <a 'java/security/PrivilegedActionException'> (0x000000076cc26340) thrown at [D:\re\workspace\8-2-build-windows-amd64-cygwin\jdk8u25\1677\hotspot\src\share\vm\prims\jvm.cpp, line 1312]
Event: 61.981 Thread 0x0000000031db2000 Exception <a 'java/security/PrivilegedActionException'> (0x000000076cc293c0) thrown at [D:\re\workspace\8-2-build-windows-amd64-cygwin\jdk8u25\1677\hotspot\src\share\vm\prims\jvm.cpp, line 1312]
Event: 61.982 Thread 0x0000000031db2000 Exception <a 'java/security/PrivilegedActionException'> (0x000000076cc36498) thrown at [D:\re\workspace\8-2-build-windows-amd64-cygwin\jdk8u25\1677\hotspot\src\share\vm\prims\jvm.cpp, line 1312]
Event: 61.986 Thread 0x0000000031db2000 Exception <a 'java/security/PrivilegedActionException'> (0x000000076cc3f1c0) thrown at [D:\re\workspace\8-2-build-windows-amd64-cygwin\jdk8u25\1677\hotspot\src\share\vm\prims\jvm.cpp, line 1312]
Event: 61.987 Thread 0x0000000031db2000 Exception <a 'java/security/PrivilegedActionException'> (0x000000076cc453a0) thrown at [D:\re\workspace\8-2-build-windows-amd64-cygwin\jdk8u25\1677\hotspot\src\share\vm\prims\jvm.cpp, line 1312]
Event: 61.987 Thread 0x0000000031db2000 Exception <a 'java/security/PrivilegedActionException'> (0x000000076cc4b440) thrown at [D:\re\workspace\8-2-build-windows-amd64-cygwin\jdk8u25\1677\hotspot\src\share\vm\prims\jvm.cpp, line 1312]
Event: 61.987 Thread 0x0000000031db2000 Exception <a 'java/security/PrivilegedActionException'> (0x000000076cc51040) thrown at [D:\re\workspace\8-2-build-windows-amd64-cygwin\jdk8u25\1677\hotspot\src\share\vm\prims\jvm.cpp, line 1312]

Events (10 events):
Event: 61.982 loading class org/lwjgl/openal/ALC10
Event: 61.982 loading class org/lwjgl/openal/ALC10 done
Event: 61.986 loading class org/lwjgl/openal/ALCdevice
Event: 61.986 loading class org/lwjgl/openal/ALCdevice done
Event: 61.987 loading class org/lwjgl/openal/ALCcontext
Event: 61.987 loading class org/lwjgl/openal/ALCcontext done
Event: 61.987 loading class org/lwjgl/openal/Util
Event: 61.987 loading class org/lwjgl/openal/Util done
Event: 61.987 loading class org/lwjgl/openal/OpenALException
Event: 61.987 loading class org/lwjgl/openal/OpenALException done


Dynamic libraries:
0x000007f705650000 - 0x000007f705684000 	C:\Users\Johannes\Documents\Curse\Minecraft\Install\runtime\jre-x64\1.8.0_25\bin\javaw.exe
0x000007ff7dc00000 - 0x000007ff7ddbd000 	C:\Windows\SYSTEM32\ntdll.dll
0x000007ff7afd0000 - 0x000007ff7b107000 	C:\Windows\system32\KERNEL32.DLL
0x000007ff7acf0000 - 0x000007ff7ade4000 	C:\Windows\system32\KERNELBASE.dll
0x000007ff7d8a0000 - 0x000007ff7d97e000 	C:\Windows\system32\ADVAPI32.dll
0x000007ff7d530000 - 0x000007ff7d67c000 	C:\Windows\system32\USER32.dll
0x000007ff782e0000 - 0x000007ff7854a000 	C:\Windows\WinSxS\amd64_microsoft.windows.common-controls_6595b64144ccf1df_6.0.9200.17321_none_41866eeb718ed8b9\COMCTL32.dll
0x000007ff7b110000 - 0x000007ff7b1b5000 	C:\Windows\system32\msvcrt.dll
0x000007ff7cd90000 - 0x000007ff7cdd8000 	C:\Windows\SYSTEM32\sechost.dll
0x000007ff7cb10000 - 0x000007ff7cc55000 	C:\Windows\system32\RPCRT4.dll
0x000007ff7c840000 - 0x000007ff7c981000 	C:\Windows\system32\GDI32.dll
0x000007ff7dbc0000 - 0x000007ff7dbf9000 	C:\Windows\system32\IMM32.DLL
0x000007ff7c720000 - 0x000007ff7c835000 	C:\Windows\system32\MSCTF.dll
0x0000000051400000 - 0x00000000514d2000 	C:\Users\Johannes\Documents\Curse\Minecraft\Install\runtime\jre-x64\1.8.0_25\bin\msvcr100.dll
0x0000000050ba0000 - 0x00000000513fa000 	C:\Users\Johannes\Documents\Curse\Minecraft\Install\runtime\jre-x64\1.8.0_25\bin\server\jvm.dll
0x000007ff793a0000 - 0x000007ff793a9000 	C:\Windows\SYSTEM32\WSOCK32.dll
0x000007ff77b40000 - 0x000007ff77b60000 	C:\Windows\SYSTEM32\WINMM.dll
0x000007ff7d310000 - 0x000007ff7d317000 	C:\Windows\system32\PSAPI.DLL
0x000007ff7cd30000 - 0x000007ff7cd88000 	C:\Windows\system32\WS2_32.dll
0x000007ff77af0000 - 0x000007ff77b23000 	C:\Windows\SYSTEM32\WINMMBASE.dll
0x000007ff7b260000 - 0x000007ff7b269000 	C:\Windows\system32\NSI.dll
0x000007ff7aca0000 - 0x000007ff7acef000 	C:\Windows\SYSTEM32\cfgmgr32.dll
0x000007ff7abf0000 - 0x000007ff7ac12000 	C:\Windows\system32\DEVOBJ.dll
0x0000000050b90000 - 0x0000000050b9f000 	C:\Users\Johannes\Documents\Curse\Minecraft\Install\runtime\jre-x64\1.8.0_25\bin\verify.dll
0x0000000050b60000 - 0x0000000050b88000 	C:\Users\Johannes\Documents\Curse\Minecraft\Install\runtime\jre-x64\1.8.0_25\bin\java.dll
0x0000000050b40000 - 0x0000000050b56000 	C:\Users\Johannes\Documents\Curse\Minecraft\Install\runtime\jre-x64\1.8.0_25\bin\zip.dll
0x000007ff7b420000 - 0x000007ff7c705000 	C:\Windows\system32\SHELL32.dll
0x000007ff7d320000 - 0x000007ff7d4d0000 	C:\Windows\SYSTEM32\combase.dll
0x000007ff7d010000 - 0x000007ff7d060000 	C:\Windows\system32\SHLWAPI.dll
0x000007ff79c50000 - 0x000007ff79ce6000 	C:\Windows\SYSTEM32\SHCORE.dll
0x000007ff7ab20000 - 0x000007ff7ab35000 	C:\Windows\system32\profapi.dll
0x0000000050b30000 - 0x0000000050b3d000 	C:\Users\Johannes\Documents\Curse\Minecraft\Install\runtime\jre-x64\1.8.0_25\bin\management.dll
0x0000000050b10000 - 0x0000000050b2a000 	C:\Users\Johannes\Documents\Curse\Minecraft\Install\runtime\jre-x64\1.8.0_25\bin\net.dll
0x000007ff7a290000 - 0x000007ff7a2ec000 	C:\Windows\system32\mswsock.dll
0x0000000050af0000 - 0x0000000050b01000 	C:\Users\Johannes\Documents\Curse\Minecraft\Install\runtime\jre-x64\1.8.0_25\bin\nio.dll
0x000007ff7a2f0000 - 0x000007ff7a30a000 	C:\Windows\SYSTEM32\CRYPTSP.dll
0x000007ff79f90000 - 0x000007ff79fdb000 	C:\Windows\system32\rsaenh.dll
0x000007ff7ac20000 - 0x000007ff7ac3f000 	C:\Windows\system32\USERENV.dll
0x000007ff7a8b0000 - 0x000007ff7a8ba000 	C:\Windows\SYSTEM32\CRYPTBASE.dll
0x000007ff7a850000 - 0x000007ff7a8ac000 	C:\Windows\SYSTEM32\bcryptPrimitives.dll
0x000007ff744a0000 - 0x000007ff744ca000 	C:\Windows\SYSTEM32\IPHLPAPI.DLL
0x000007ff75310000 - 0x000007ff7531a000 	C:\Windows\SYSTEM32\WINNSI.DLL
0x000007ff72690000 - 0x000007ff726a3000 	C:\Windows\SYSTEM32\dhcpcsvc6.DLL
0x000007ff726e0000 - 0x000007ff726f8000 	C:\Windows\SYSTEM32\dhcpcsvc.DLL
0x000007ff788d0000 - 0x000007ff788da000 	C:\Users\Johannes\AppData\Local\Temp\jansi-64-5839818423550104142.dll
0x000007ff6c9b0000 - 0x000007ff6c9c4000 	C:\Windows\system32\napinsp.dll
0x000007ff6c9d0000 - 0x000007ff6c9e8000 	C:\Windows\system32\pnrpnsp.dll
0x000007ff79450000 - 0x000007ff79466000 	C:\Windows\system32\NLAapi.dll
0x000007ff7a090000 - 0x000007ff7a12c000 	C:\Windows\SYSTEM32\DNSAPI.dll
0x000007ff6c9f0000 - 0x000007ff6ca02000 	C:\Windows\System32\winrnr.dll
0x0000000052550000 - 0x0000000052576000 	C:\Program Files\Bonjour\mdnsNSP.dll
0x000007ff6d150000 - 0x000007ff6d158000 	C:\Windows\System32\rasadhlp.dll
0x000007ff72780000 - 0x000007ff727e1000 	C:\Windows\System32\fwpuclnt.dll
0x00000000507a0000 - 0x00000000507b7000 	C:\Users\Johannes\Documents\Curse\Minecraft\Install\runtime\jre-x64\1.8.0_25\bin\unpack.dll
0x0000000180000000 - 0x0000000180053000 	C:\Users\Johannes\Documents\Curse\Minecraft\Install\versions\forge-12.18.2.2099\forge-12.18.2.2099-natives-8470218251382811\lwjgl64.dll
0x000007ff6c5d0000 - 0x000007ff6c6ef000 	C:\Windows\SYSTEM32\OPENGL32.dll
0x000007ff79170000 - 0x000007ff79179000 	C:\Windows\SYSTEM32\VERSION.dll
0x000007ff75440000 - 0x000007ff7546c000 	C:\Windows\SYSTEM32\GLU32.dll
0x000007ff6d890000 - 0x000007ff6d97a000 	C:\Windows\SYSTEM32\DDRAW.dll
0x000007ff78890000 - 0x000007ff78898000 	C:\Windows\SYSTEM32\DCIMAN32.dll
0x0000000050950000 - 0x0000000050ae8000 	C:\Users\Johannes\Documents\Curse\Minecraft\Install\runtime\jre-x64\1.8.0_25\bin\awt.dll
0x000007ff7cc60000 - 0x000007ff7cd23000 	C:\Windows\system32\OLEAUT32.dll
0x000007ff74ff0000 - 0x000007ff7508f000 	C:\Windows\system32\apphelp.dll
0x000007ff79870000 - 0x000007ff79956000 	C:\Windows\system32\uxtheme.dll
0x000007ff78b30000 - 0x000007ff78b51000 	C:\Windows\SYSTEM32\dwmapi.dll
0x000007ff7c990000 - 0x000007ff7cb0e000 	C:\Windows\system32\ole32.dll
0x0000000074d40000 - 0x0000000076c19000 	C:\Windows\SYSTEM32\nvoglv64.DLL
0x000007ff7d9f0000 - 0x000007ff7dbc0000 	C:\Windows\system32\SETUPAPI.dll
0x000007ff7a980000 - 0x000007ff7a991000 	C:\Windows\SYSTEM32\WTSAPI32.dll
0x000007ff7ac40000 - 0x000007ff7ac95000 	C:\Windows\system32\WINTRUST.dll
0x000007ff7adf0000 - 0x000007ff7afc1000 	C:\Windows\system32\CRYPT32.dll
0x000007ff7ab00000 - 0x000007ff7ab16000 	C:\Windows\system32\MSASN1.dll
0x000007ff74470000 - 0x000007ff7449e000 	C:\Windows\SYSTEM32\ntmarta.dll
0x000007ff7aa10000 - 0x000007ff7aa53000 	C:\Windows\SYSTEM32\powrprof.dll
0x000007ff7a9a0000 - 0x000007ff7a9ed000 	C:\Windows\SYSTEM32\WINSTA.dll
0x000007ff78e00000 - 0x000007ff78e91000 	C:\Windows\SYSTEM32\mscms.dll
0x000007ff746e0000 - 0x000007ff74720000 	C:\Windows\SYSTEM32\icm32.dll
0x0000000022cb0000 - 0x0000000022ce8000 	C:\Users\Johannes\AppData\Local\Temp\jna\jna6061888975804723561.dll
0x00000000507e0000 - 0x0000000050804000 	C:\Users\Johannes\Documents\Curse\Minecraft\Install\runtime\jre-x64\1.8.0_25\bin\sunec.dll
0x000007ff70ff0000 - 0x000007ff71063000 	C:\Users\Johannes\Documents\Curse\Minecraft\Instances\JodaCraft\OpenComputersMod-1.6.0.3-rc.1-lua52-native.64.dll
0x000007ff6ca20000 - 0x000007ff6caa2000 	C:\Users\Johannes\Documents\Curse\Minecraft\Instances\JodaCraft\OpenComputersMod-1.6.0.3-rc.1-lua53-native.64.dll
0x0000000029480000 - 0x00000000294e4000 	C:\Users\Johannes\Documents\Curse\Minecraft\Install\versions\forge-12.18.2.2099\forge-12.18.2.2099-natives-8470218251382811\OpenAL64.dll
0x000007ff7b1c0000 - 0x000007ff7b256000 	C:\Windows\SYSTEM32\clbcatq.dll
0x000007ff78ba0000 - 0x000007ff78c02000 	C:\Windows\System32\MMDevApi.dll
0x000007ff71330000 - 0x000007ff713bb000 	C:\Windows\SYSTEM32\dsound.dll
0x000007ff77040000 - 0x000007ff770b2000 	C:\Windows\SYSTEM32\AUDIOSES.DLL
0x000007ff68a70000 - 0x000007ff68bd3000 	C:\Windows\SYSTEM32\dbghelp.dll

VM Arguments:
jvm_args: -XX:HeapDumpPath=MojangTricksIntelDriversForPerformance_javaw.exe_minecraft.exe.heapdump -Xmx4096m -Xms256m -XX:PermSize=256m -Dminecraft.applet.TargetDirectory=C:\Users\Johannes\Documents\Curse\Minecraft\Instances\JodaCraft -Dfml.ignorePatchDiscrepancies=true -Dfml.ignoreInvalidMinecraftCertificates=true -Djava.library.path=C:\Users\Johannes\Documents\Curse\Minecraft\Install\versions\forge-12.18.2.2099\forge-12.18.2.2099-natives-8470218251382811 
java_command: net.minecraft.launchwrapper.Launch --username Jodajo --version forge-12.18.2.2099 --gameDir C:\Users\Johannes\Documents\Curse\Minecraft\Instances\JodaCraft --assetsDir C:\Users\Johannes\Documents\Curse\Minecraft\Install\assets --assetIndex 1.10 --uuid 2222f6bbcc3e4d1da2fb2441541a8f70 --accessToken 7203662e5b534e738a0aca263ea2b3ef --userType legacy --tweakClass net.minecraftforge.fml.common.launcher.FMLTweaker --versionType Forge --nativeLauncherVersion 307 --width 1024 --height 768
java_class_path (initial): C:\Users\Johannes\Documents\Curse\Minecraft\Install\libraries\net\minecraftforge\forge\1.10.2-12.18.2.2099\forge-1.10.2-12.18.2.2099.jar;C:\Users\Johannes\Documents\Curse\Minecraft\Install\libraries\net\minecraft\launchwrapper\1.12\launchwrapper-1.12.jar;C:\Users\Johannes\Documents\Curse\Minecraft\Install\libraries\org\ow2\asm\asm-all\5.0.3\asm-all-5.0.3.jar;C:\Users\Johannes\Documents\Curse\Minecraft\Install\libraries\jline\jline\2.13\jline-2.13.jar;C:\Users\Johannes\Documents\Curse\Minecraft\Install\libraries\com\typesafe\akka\akka-actor_2.11\2.3.3\akka-actor_2.11-2.3.3.jar;C:\Users\Johannes\Documents\Curse\Minecraft\Install\libraries\com\typesafe\config\1.2.1\config-1.2.1.jar;C:\Users\Johannes\Documents\Curse\Minecraft\Install\libraries\org\scala-lang\scala-actors-migration_2.11\1.1.0\scala-actors-migration_2.11-1.1.0.jar;C:\Users\Johannes\Documents\Curse\Minecraft\Install\libraries\org\scala-lang\scala-compiler\2.11.1\scala-compiler-2.11.1.jar;C:\Users\Johannes\Documents\Curse\Minecraft\Install\libraries\org\scala-lang\plugins\scala-continuations-library_2.11\1.0.2\scala-continuations-library_2.11-1.0.2.jar;C:\Users\Johannes\Documents\Curse\Minecraft\Install\libraries\org\scala-lang\plugins\scala-continuations-plugin_2.11.1\1.0.2\scala-continuations-plugin_2.11.1-1.0.2.jar;C:\Users\Johannes\Documents\Curse\Minecraft\Install\libraries\org\scala-lang\scala-library\2.11.1\scala-library-2.11.1.jar;C:\Users\Johannes\Documents\Curse\Minecraft\Install\libraries\org\scala-lang\scala-parser-combinators_2.11\1.0.1\scala-parser-combinators_2.11-1.0.1.jar;C:\Users\Johannes\Documents\Curse\Minecraft\Install\libraries\org\scala-lang\scala-reflect\2.11.1\scala-reflect-2.11.1.jar;C:\Users\Johannes\Documents\Curse\Minecraft\Install\libraries\org\scala-lang\scala-swing_2.11\1.0.1\scala-swing_2.11-1.0.1.jar;C:\Users\Johannes\Documents\Curse\Minecraft\Install\libraries\org\scala-lang\scala-xml_2.11\1.0.2\scala-xml_2.11-1.0.2.jar;C:\Users\Johannes\Docume
Launcher Type: SUN_STANDARD

Environment Variables:
JAVA_HOME=C:\Program Files\Java\jdk1.8.0_31
PATH=C:\Program Files (x86)\Microsoft Visual Studio 14.0\VC\bin;C:\ProgramData\Oracle\Java\javapath;C:\Program Files (x86)\NVIDIA Corporation\PhysX\Common;C:\Windows\system32;C:\Windows;C:\Windows\System32\Wbem;C:\Windows\System32\WindowsPowerShell\v1.0\;C:\Program Files (x86)\Windows Kits\8.1\Windows Performance Toolkit\;E:\dev\adt-bundle-windows-x86_64-20130219\sdk\platform-tools;C:\Users\Johannes\Desktop\Phone\;C:\Users\Johannes\AppData\Local\Programs\Python\Python35-32\Scripts\;C:\Users\Johannes\AppData\Local\Programs\Python\Python35-32\;C:\Users\Johannes\AppData\Local\Programs\Python\Python35\Scripts\;C:\Users\Johannes\AppData\Local\Programs\Python\Python35\;C:\Program Files (x86)\Microsoft VS Code\bin;C:\Program Files (x86)\CMake\bin;C:\Users\Johannes\AppData\Local\atom\bin
USERNAME=Johannes
OS=Windows_NT
PROCESSOR_IDENTIFIER=AMD64 Family 21 Model 2 Stepping 0, AuthenticAMD



---------------  S Y S T E M  ---------------

OS: Windows 8 , 64 bit Build 9200 

CPU:total 6 (6 cores per cpu, 1 threads per core) family 21 model 2 stepping 0, cmov, cx8, fxsr, mmx, sse, sse2, sse3, ssse3, sse4.1, sse4.2, popcnt, avx, aes, clmul, mmxext, 3dnowpref, lzcnt, sse4a, tsc, tscinvbit, tscinv, bmi1

Memory: 4k page, physical 8335412k(3357904k free), swap 18006556k(11309412k free)

vm_info: Java HotSpot(TM) 64-Bit Server VM (25.25-b02) for windows-amd64 JRE (1.8.0_25-b18), built on Oct  7 2014 14:25:37 by "java_re" with MS VC++ 10.0 (VS2010)

time: Wed Oct 12 14:10:07 2016
elapsed time: 62 seconds (0d 0h 1m 2s)

